Using pre-set license
Built from '2020.2/release' branch; Version is '2020.2.1f1 (270dd8c3da1c) revision 2559448'; Using compiler version '192528614'; Build Type 'Release'
OS: 'Windows 10  (10.0.0) 64bit' Language: 'ru' Physical Memory: 16068 MB
BatchMode: 1, IsHumanControllingUs: 0, StartBugReporterOnCrash: 0, Is64bit: 1, IsPro: 0

 COMMAND LINE ARGUMENTS:
H:\_Vladik\2020.2.1f1\Editor\Unity.exe
-adb2
-batchMode
-noUpm
-name
AssetImportWorker0
-projectPath
H:/_Vladik/c#/SomeThing
-logFile
Logs/AssetImportWorker0.log
-srvPort
60974
Successfully changed project path to: H:/_Vladik/c#/SomeThing
H:/_Vladik/c#/SomeThing
Using Asset Import Pipeline V2.
Refreshing native plugins compatible for Editor in 194.47 ms, found 2 plugins.
Preloading 1 native plugins for Editor in 0.57 ms.
Initialize engine version: 2020.2.1f1 (270dd8c3da1c)
[Subsystems] Discovering subsystems at path H:/_Vladik/2020.2.1f1/Editor/Data/Resources/UnitySubsystems
[Subsystems] Discovering subsystems at path H:/_Vladik/c#/SomeThing/Assets
GfxDevice: creating device client; threaded=0
Direct3D:
    Version:  Direct3D 11.0 [level 11.0]
    Renderer: Intel(R) HD Graphics 4000 (ID=0x162)
    Vendor:   
    VRAM:     224 MB
    Driver:   10.18.10.5129
Initialize mono
Mono path[0] = 'H:/_Vladik/2020.2.1f1/Editor/Data/Managed'
Mono path[1] = 'H:/_Vladik/2020.2.1f1/Editor/Data/MonoBleedingEdge/lib/mono/unityjit'
Mono config path = 'H:/_Vladik/2020.2.1f1/Editor/Data/MonoBleedingEdge/etc'
Using monoOptions --debugger-agent=transport=dt_socket,embedding=1,server=y,suspend=n,address=127.0.0.1:56568
Begin MonoManager ReloadAssembly
Registering precompiled unity dll's ...
Register platform support module: H:/_Vladik/2020.2.1f1/Editor/Data/PlaybackEngines/WindowsStandaloneSupport/UnityEditor.WindowsStandalone.Extensions.dll
Registered in 0.001074 seconds.
Native extension for WindowsStandalone target not found
Refreshing native plugins compatible for Editor in 109.20 ms, found 2 plugins.
Preloading 1 native plugins for Editor in 0.04 ms.
Invoked RoslynAnalysisRunner static constructor.
RoslynAnalysisRunner will not be running.
RoslynAnalysisRunner has terminated.
Mono: successfully reloaded assembly
- Completed reload, in 11.117 seconds
Platform modules already initialized, skipping
Registering precompiled user dll's ...
Registered in 0.005326 seconds.
Begin MonoManager ReloadAssembly
Native extension for WindowsStandalone target not found
Refreshing native plugins compatible for Editor in 113.19 ms, found 2 plugins.
Preloading 1 native plugins for Editor in 0.04 ms.
Invoked RoslynAnalysisRunner static constructor.
RoslynAnalysisRunner will not be running.
RoslynAnalysisRunner has terminated.
Mono: successfully reloaded assembly
- Completed reload, in  3.911 seconds
Platform modules already initialized, skipping
========================================================================
Worker process is ready to serve import requests
Launched and connected shader compiler UnityShaderCompiler.exe after 0.05 seconds
Refreshing native plugins compatible for Editor in 2.15 ms, found 2 plugins.
Preloading 1 native plugins for Editor in 0.08 ms.
Unloading 4611 Unused Serialized files (Serialized files now loaded: 0)
System memory in use before: 208.6 MB.
System memory in use after: 208.6 MB.

Unloading 73 unused Assets to reduce memory usage. Loaded Objects now: 5036.
Total: 7.673800 ms (FindLiveObjects: 0.766000 ms CreateObjectMapping: 0.381700 ms MarkObjects: 6.177700 ms  DeleteObjects: 0.345000 ms)

========================================================================
Received Import Request.
  path: Assets/Scenes/Character movement.unity
  artifactKey: Guid(40511a7484bd17e4b9186a380212396a) Importer(815301076,1909f56bfc062723c751e8b465ee728b)
Start importing Assets/Scenes/Character movement.unity using Guid(40511a7484bd17e4b9186a380212396a) Importer(815301076,1909f56bfc062723c751e8b465ee728b)  -> (artifact id: '6a9f1b71039f3ba0a27608f7215c2d7d') in 0.104766 seconds
  Import took 0.116070 seconds .

========================================================================
Received Prepare
Registering precompiled user dll's ...
Registered in 0.067887 seconds.
Begin MonoManager ReloadAssembly
Native extension for WindowsStandalone target not found
Refreshing native plugins compatible for Editor in 1.36 ms, found 2 plugins.
Preloading 1 native plugins for Editor in 0.06 ms.
Invoked RoslynAnalysisRunner static constructor.
RoslynAnalysisRunner will not be running.
RoslynAnalysisRunner has terminated.
Mono: successfully reloaded assembly
- Completed reload, in  3.521 seconds
Platform modules already initialized, skipping
Refreshing native plugins compatible for Editor in 2.84 ms, found 2 plugins.
Preloading 1 native plugins for Editor in 0.14 ms.
Unloading 4492 Unused Serialized files (Serialized files now loaded: 0)
System memory in use before: 201.4 MB.
System memory in use after: 201.5 MB.

Unloading 53 unused Assets to reduce memory usage. Loaded Objects now: 5038.
Total: 23.654000 ms (FindLiveObjects: 0.408000 ms CreateObjectMapping: 0.212700 ms MarkObjects: 22.794100 ms  DeleteObjects: 0.237300 ms)

